{"/Users/shabith/github/react-use-wizard/src/index.ts": {"path":"/Users/shabith/github/react-use-wizard/src/index.ts","statementMap":{"0":{"start":{"line":1,"column":0},"end":{"line":1,"column":9}},"1":{"start":{"line":1,"column":9},"end":{"line":1,"column":26}},"2":{"start":{"line":2,"column":0},"end":{"line":2,"column":9}},"3":{"start":{"line":2,"column":9},"end":{"line":2,"column":29}}},"fnMap":{"0":{"name":"(anonymous_1)","decl":{"start":{"line":1,"column":9},"end":{"line":1,"column":16}},"loc":{"start":{"line":1,"column":9},"end":{"line":1,"column":26}}},"1":{"name":"(anonymous_2)","decl":{"start":{"line":2,"column":9},"end":{"line":2,"column":16}},"loc":{"start":{"line":2,"column":9},"end":{"line":2,"column":29}}}},"branchMap":{},"s":{"0":2,"1":18,"2":2,"3":13},"f":{"0":16,"1":11},"b":{}}
,"/Users/shabith/github/react-use-wizard/src/logger.ts": {"path":"/Users/shabith/github/react-use-wizard/src/logger.ts","statementMap":{"0":{"start":{"line":8,"column":19},"end":{"line":23,"column":1}},"1":{"start":{"line":9,"column":2},"end":{"line":22,"column":null}},"2":{"start":{"line":10,"column":24},"end":{"line":10,"column":44}},"3":{"start":{"line":12,"column":4},"end":{"line":21,"column":null}},"4":{"start":{"line":14,"column":8},"end":{"line":14,"column":50}},"5":{"start":{"line":15,"column":8},"end":{"line":15,"column":14}},"6":{"start":{"line":17,"column":8},"end":{"line":17,"column":51}},"7":{"start":{"line":18,"column":8},"end":{"line":18,"column":14}},"8":{"start":{"line":20,"column":8},"end":{"line":20,"column":49}},"9":{"start":{"line":8,"column":13},"end":{"line":8,"column":19}}},"fnMap":{"0":{"name":"(anonymous_0)","decl":{"start":{"line":8,"column":19},"end":{"line":8,"column":20}},"loc":{"start":{"line":8,"column":52},"end":{"line":23,"column":1}}}},"branchMap":{"0":{"loc":{"start":{"line":9,"column":2},"end":{"line":22,"column":null}},"type":"if","locations":[{"start":{"line":9,"column":2},"end":{"line":22,"column":null}},{"start":{"line":9,"column":2},"end":{"line":22,"column":null}}]},"1":{"loc":{"start":{"line":13,"column":6},"end":{"line":15,"column":14}},"type":"switch","locations":[{"start":{"line":13,"column":6},"end":{"line":15,"column":14}},{"start":{"line":16,"column":6},"end":{"line":18,"column":14}},{"start":{"line":19,"column":6},"end":{"line":20,"column":49}}]}},"s":{"0":2,"1":1,"2":1,"3":1,"4":1,"5":1,"6":0,"7":0,"8":0,"9":2},"f":{"0":1},"b":{"0":[1,0],"1":[1,0,0]}}
,"/Users/shabith/github/react-use-wizard/src/useWizard.ts": {"path":"/Users/shabith/github/react-use-wizard/src/useWizard.ts","statementMap":{"0":{"start":{"line":1,"column":0},"end":{"line":1,"column":31}},"1":{"start":{"line":4,"column":0},"end":{"line":4,"column":44}},"2":{"start":{"line":6,"column":18},"end":{"line":14,"column":1}},"3":{"start":{"line":7,"column":18},"end":{"line":7,"column":49}},"4":{"start":{"line":9,"column":2},"end":{"line":13,"column":null}},"5":{"start":{"line":10,"column":4},"end":{"line":10,"column":48}},"6":{"start":{"line":12,"column":4},"end":{"line":12,"column":35}},"7":{"start":{"line":16,"column":0},"end":{"line":16,"column":25}}},"fnMap":{"0":{"name":"(anonymous_0)","decl":{"start":{"line":6,"column":18},"end":{"line":6,"column":null}},"loc":{"start":{"line":6,"column":18},"end":{"line":14,"column":1}}}},"branchMap":{"0":{"loc":{"start":{"line":9,"column":2},"end":{"line":13,"column":null}},"type":"if","locations":[{"start":{"line":9,"column":2},"end":{"line":13,"column":null}},{"start":{"line":9,"column":2},"end":{"line":13,"column":null}}]},"1":{"loc":{"start":{"line":9,"column":6},"end":{"line":9,"column":14}},"type":"binary-expr","locations":[{"start":{"line":9,"column":6},"end":{"line":9,"column":14}},{"start":{"line":9,"column":18},"end":{"line":9,"column":25}}]}},"s":{"0":2,"1":2,"2":2,"3":11,"4":11,"5":0,"6":11,"7":2},"f":{"0":11},"b":{"0":[0,11],"1":[11,0]}}
,"/Users/shabith/github/react-use-wizard/src/wizard.tsx": {"path":"/Users/shabith/github/react-use-wizard/src/wizard.tsx","statementMap":{"0":{"start":{"line":1,"column":0},"end":{"line":1,"column":31}},"1":{"start":{"line":3,"column":0},"end":{"line":3,"column":35}},"2":{"start":{"line":5,"column":0},"end":{"line":5,"column":44}},"3":{"start":{"line":7,"column":38},"end":{"line":111,"column":null}},"4":{"start":{"line":8,"column":11},"end":{"line":8,"column":13}},"5":{"start":{"line":8,"column":19},"end":{"line":8,"column":21}},"6":{"start":{"line":8,"column":29},"end":{"line":8,"column":31}},"7":{"start":{"line":8,"column":31},"end":{"line":8,"column":41}},"8":{"start":{"line":8,"column":41},"end":{"line":8,"column":47}},"9":{"start":{"line":9,"column":40},"end":{"line":9,"column":66}},"10":{"start":{"line":9,"column":21},"end":{"line":9,"column":23}},"11":{"start":{"line":9,"column":36},"end":{"line":9,"column":40}},"12":{"start":{"line":10,"column":38},"end":{"line":10,"column":59}},"13":{"start":{"line":10,"column":20},"end":{"line":10,"column":22}},"14":{"start":{"line":10,"column":34},"end":{"line":10,"column":38}},"15":{"start":{"line":11,"column":24},"end":{"line":11,"column":42}},"16":{"start":{"line":12,"column":28},"end":{"line":12,"column":47}},"17":{"start":{"line":13,"column":28},"end":{"line":13,"column":59}},"18":{"start":{"line":15,"column":4},"end":{"line":16,"column":63}},"19":{"start":{"line":17,"column":4},"end":{"line":17,"column":45}},"20":{"start":{"line":19,"column":25},"end":{"line":30,"column":6}},"21":{"start":{"line":20,"column":6},"end":{"line":26,"column":null}},"22":{"start":{"line":21,"column":8},"end":{"line":23,"column":null}},"23":{"start":{"line":22,"column":10},"end":{"line":22,"column":35}},"24":{"start":{"line":24,"column":13},"end":{"line":26,"column":null}},"25":{"start":{"line":25,"column":8},"end":{"line":25,"column":54}},"26":{"start":{"line":25,"column":38},"end":{"line":25,"column":53}},"27":{"start":{"line":27,"column":6},"end":{"line":29,"column":null}},"28":{"start":{"line":28,"column":8},"end":{"line":28,"column":67}},"29":{"start":{"line":28,"column":38},"end":{"line":28,"column":66}},"30":{"start":{"line":32,"column":29},"end":{"line":36,"column":6}},"31":{"start":{"line":33,"column":6},"end":{"line":35,"column":null}},"32":{"start":{"line":34,"column":8},"end":{"line":34,"column":62}},"33":{"start":{"line":34,"column":38},"end":{"line":34,"column":61}},"34":{"start":{"line":39,"column":23},"end":{"line":41,"column":6}},"35":{"start":{"line":40,"column":6},"end":{"line":40,"column":40}},"36":{"start":{"line":43,"column":23},"end":{"line":58,"column":6}},"37":{"start":{"line":43,"column":61},"end":{"line":58,"column":6}},"38":{"start":{"line":44,"column":10},"end":{"line":44,"column":21}},"39":{"start":{"line":46,"column":10},"end":{"line":46,"column":29}},"40":{"start":{"line":47,"column":10},"end":{"line":47,"column":42}},"41":{"start":{"line":48,"column":10},"end":{"line":48,"column":30}},"42":{"start":{"line":49,"column":10},"end":{"line":49,"column":41}},"43":{"start":{"line":50,"column":10},"end":{"line":50,"column":42}},"44":{"start":{"line":52,"column":10},"end":{"line":52,"column":30}},"45":{"start":{"line":53,"column":10},"end":{"line":53,"column":22}},"46":{"start":{"line":56,"column":8},"end":{"line":56,"column":40}},"47":{"start":{"line":60,"column":24},"end":{"line":70,"column":null}},"48":{"start":{"line":61,"column":12},"end":{"line":69,"column":null}},"49":{"start":{"line":73,"column":30},"end":{"line":100,"column":46}},"50":{"start":{"line":74,"column":28},"end":{"line":74,"column":60}},"51":{"start":{"line":76,"column":6},"end":{"line":97,"column":null}},"52":{"start":{"line":78,"column":8},"end":{"line":83,"column":null}},"53":{"start":{"line":79,"column":10},"end":{"line":82,"column":12}},"54":{"start":{"line":85,"column":8},"end":{"line":88,"column":null}},"55":{"start":{"line":86,"column":10},"end":{"line":86,"column":68}},"56":{"start":{"line":87,"column":10},"end":{"line":87,"column":76}},"57":{"start":{"line":90,"column":8},"end":{"line":92,"column":null}},"58":{"start":{"line":91,"column":10},"end":{"line":91,"column":67}},"59":{"start":{"line":94,"column":8},"end":{"line":96,"column":null}},"60":{"start":{"line":95,"column":10},"end":{"line":95,"column":67}},"61":{"start":{"line":99,"column":6},"end":{"line":99,"column":39}},"62":{"start":{"line":102,"column":4},"end":{"line":110,"column":6}},"63":{"start":{"line":114,"column":0},"end":{"line":114,"column":22}}},"fnMap":{"0":{"name":"(anonymous_0)","decl":{"start":{"line":8,"column":2},"end":{"line":8,"column":3}},"loc":{"start":{"line":8,"column":47},"end":{"line":111,"column":3}}},"1":{"name":"(anonymous_1)","decl":{"start":{"line":13,"column":50},"end":{"line":13,"column":57}},"loc":{"start":{"line":13,"column":50},"end":{"line":13,"column":58}}},"2":{"name":"(anonymous_2)","decl":{"start":{"line":19,"column":38},"end":{"line":19,"column":39}},"loc":{"start":{"line":19,"column":57},"end":{"line":30,"column":5}}},"3":{"name":"(anonymous_3)","decl":{"start":{"line":25,"column":22},"end":{"line":25,"column":23}},"loc":{"start":{"line":25,"column":33},"end":{"line":25,"column":48}}},"4":{"name":"(anonymous_4)","decl":{"start":{"line":28,"column":22},"end":{"line":28,"column":23}},"loc":{"start":{"line":28,"column":33},"end":{"line":28,"column":47}}},"5":{"name":"(anonymous_5)","decl":{"start":{"line":32,"column":42},"end":{"line":32,"column":43}},"loc":{"start":{"line":32,"column":56},"end":{"line":36,"column":5}}},"6":{"name":"(anonymous_6)","decl":{"start":{"line":34,"column":22},"end":{"line":34,"column":23}},"loc":{"start":{"line":34,"column":33},"end":{"line":34,"column":42}}},"7":{"name":"(anonymous_7)","decl":{"start":{"line":39,"column":36},"end":{"line":39,"column":37}},"loc":{"start":{"line":39,"column":53},"end":{"line":41,"column":5}}},"8":{"name":"(anonymous_8)","decl":{"start":{"line":43,"column":36},"end":{"line":43,"column":43}},"loc":{"start":{"line":43,"column":61},"end":{"line":58,"column":6}}},"9":{"name":"(anonymous_9)","decl":{"start":{"line":43,"column":61},"end":{"line":43,"column":null}},"loc":{"start":{"line":43,"column":61},"end":{"line":58,"column":6}}},"10":{"name":"(anonymous_11)","decl":{"start":{"line":61,"column":6},"end":{"line":61,"column":12}},"loc":{"start":{"line":61,"column":6},"end":{"line":61,"column":13}}},"11":{"name":"(anonymous_12)","decl":{"start":{"line":73,"column":44},"end":{"line":73,"column":null}},"loc":{"start":{"line":73,"column":44},"end":{"line":100,"column":5}}}},"branchMap":{"0":{"loc":{"start":{"line":8,"column":44},"end":{"line":8,"column":45}},"type":"cond-expr","locations":[{"start":{"line":8,"column":44},"end":{"line":8,"column":45}},{"start":{"line":8,"column":45},"end":{"line":8,"column":47}}]},"1":{"loc":{"start":{"line":20,"column":6},"end":{"line":26,"column":null}},"type":"if","locations":[{"start":{"line":20,"column":6},"end":{"line":26,"column":null}},{"start":{"line":20,"column":6},"end":{"line":26,"column":null}}]},"2":{"loc":{"start":{"line":21,"column":8},"end":{"line":23,"column":null}},"type":"if","locations":[{"start":{"line":21,"column":8},"end":{"line":23,"column":null}},{"start":{"line":21,"column":8},"end":{"line":23,"column":null}}]},"3":{"loc":{"start":{"line":24,"column":13},"end":{"line":26,"column":null}},"type":"if","locations":[{"start":{"line":24,"column":13},"end":{"line":26,"column":null}},{"start":{"line":24,"column":13},"end":{"line":26,"column":null}}]},"4":{"loc":{"start":{"line":27,"column":6},"end":{"line":29,"column":null}},"type":"if","locations":[{"start":{"line":27,"column":6},"end":{"line":29,"column":null}},{"start":{"line":27,"column":6},"end":{"line":29,"column":null}}]},"5":{"loc":{"start":{"line":28,"column":38},"end":{"line":28,"column":47}},"type":"cond-expr","locations":[{"start":{"line":28,"column":38},"end":{"line":28,"column":47}},{"start":{"line":28,"column":51},"end":{"line":28,"column":65}}]},"6":{"loc":{"start":{"line":28,"column":38},"end":{"line":28,"column":51}},"type":"binary-expr","locations":[{"start":{"line":28,"column":38},"end":{"line":28,"column":51}},{"start":{"line":28,"column":38},"end":{"line":28,"column":51}}]},"7":{"loc":{"start":{"line":33,"column":6},"end":{"line":35,"column":null}},"type":"if","locations":[{"start":{"line":33,"column":6},"end":{"line":35,"column":null}},{"start":{"line":33,"column":6},"end":{"line":35,"column":null}}]},"8":{"loc":{"start":{"line":34,"column":38},"end":{"line":34,"column":42}},"type":"cond-expr","locations":[{"start":{"line":34,"column":38},"end":{"line":34,"column":42}},{"start":{"line":34,"column":46},"end":{"line":34,"column":60}}]},"9":{"loc":{"start":{"line":34,"column":38},"end":{"line":34,"column":46}},"type":"binary-expr","locations":[{"start":{"line":34,"column":38},"end":{"line":34,"column":46}},{"start":{"line":34,"column":38},"end":{"line":34,"column":46}}]},"10":{"loc":{"start":{"line":44,"column":10},"end":{"line":44,"column":21}},"type":"if","locations":[{"start":{"line":44,"column":10},"end":{"line":44,"column":21}},{"start":{"line":44,"column":10},"end":{"line":44,"column":21}}]},"11":{"loc":{"start":{"line":44,"column":10},"end":{"line":44,"column":29}},"type":"binary-expr","locations":[{"start":{"line":44,"column":10},"end":{"line":44,"column":29}},{"start":{"line":44,"column":33},"end":{"line":44,"column":56}}]},"12":{"loc":{"start":{"line":76,"column":6},"end":{"line":97,"column":null}},"type":"if","locations":[{"start":{"line":76,"column":6},"end":{"line":97,"column":null}},{"start":{"line":76,"column":6},"end":{"line":97,"column":null}}]},"13":{"loc":{"start":{"line":78,"column":8},"end":{"line":83,"column":null}},"type":"if","locations":[{"start":{"line":78,"column":8},"end":{"line":83,"column":null}},{"start":{"line":78,"column":8},"end":{"line":83,"column":null}}]},"14":{"loc":{"start":{"line":85,"column":8},"end":{"line":88,"column":null}},"type":"if","locations":[{"start":{"line":85,"column":8},"end":{"line":88,"column":null}},{"start":{"line":85,"column":8},"end":{"line":88,"column":null}}]},"15":{"loc":{"start":{"line":90,"column":8},"end":{"line":92,"column":null}},"type":"if","locations":[{"start":{"line":90,"column":8},"end":{"line":92,"column":null}},{"start":{"line":90,"column":8},"end":{"line":92,"column":null}}]},"16":{"loc":{"start":{"line":90,"column":12},"end":{"line":90,"column":18}},"type":"binary-expr","locations":[{"start":{"line":90,"column":12},"end":{"line":90,"column":18}},{"start":{"line":90,"column":22},"end":{"line":90,"column":51}}]},"17":{"loc":{"start":{"line":94,"column":8},"end":{"line":96,"column":null}},"type":"if","locations":[{"start":{"line":94,"column":8},"end":{"line":96,"column":null}},{"start":{"line":94,"column":8},"end":{"line":96,"column":null}}]},"18":{"loc":{"start":{"line":94,"column":12},"end":{"line":94,"column":18}},"type":"binary-expr","locations":[{"start":{"line":94,"column":12},"end":{"line":94,"column":18}},{"start":{"line":94,"column":22},"end":{"line":94,"column":51}}]}},"s":{"0":2,"1":2,"2":2,"3":2,"4":17,"5":17,"6":17,"7":17,"8":17,"9":17,"10":17,"11":17,"12":17,"13":17,"14":17,"15":17,"16":17,"17":17,"18":17,"19":17,"20":17,"21":7,"22":2,"23":0,"24":5,"25":0,"26":0,"27":7,"28":0,"29":0,"30":17,"31":2,"32":0,"33":0,"34":17,"35":2,"36":17,"37":7,"38":14,"39":0,"40":0,"41":0,"42":0,"43":0,"44":0,"45":0,"46":7,"47":17,"48":17,"49":17,"50":17,"51":17,"52":17,"53":0,"54":17,"55":1,"56":1,"57":17,"58":0,"59":17,"60":0,"61":17,"62":17,"63":2},"f":{"0":17,"1":0,"2":7,"3":0,"4":0,"5":2,"6":0,"7":2,"8":7,"9":7,"10":17,"11":17},"b":{"0":[15,2],"1":[2,5],"2":[0,2],"3":[0,5],"4":[0,7],"5":[0,0],"6":[0,0],"7":[0,2],"8":[0,0],"9":[0,0],"10":[7,0],"11":[7,0],"12":[17,0],"13":[0,17],"14":[1,16],"15":[0,17],"16":[17,2],"17":[0,17],"18":[17,0]}}
,"/Users/shabith/github/react-use-wizard/src/wizardContext.ts": {"path":"/Users/shabith/github/react-use-wizard/src/wizardContext.ts","statementMap":{"0":{"start":{"line":1,"column":0},"end":{"line":1,"column":31}},"1":{"start":{"line":5,"column":22},"end":{"line":5,"column":68}},"2":{"start":{"line":6,"column":0},"end":{"line":6,"column":44}},"3":{"start":{"line":8,"column":0},"end":{"line":8,"column":29}}},"fnMap":{},"branchMap":{},"s":{"0":2,"1":2,"2":2,"3":2},"f":{},"b":{}}
}
