TN:
SF:src/index.ts
FN:1,(anonymous_1)
FN:2,(anonymous_2)
FNF:2
FNH:2
FNDA:16,(anonymous_1)
FNDA:11,(anonymous_2)
DA:1,18
DA:2,13
LF:2
LH:2
BRF:0
BRH:0
end_of_record
TN:
SF:src/logger.ts
FN:8,(anonymous_0)
FNF:1
FNH:1
FNDA:1,(anonymous_0)
DA:8,2
DA:9,1
DA:10,1
DA:12,1
DA:14,1
DA:15,1
DA:17,0
DA:18,0
DA:20,0
LF:9
LH:6
BRDA:9,0,0,1
BRDA:9,0,1,0
BRDA:13,1,0,1
BRDA:13,1,1,0
BRDA:13,1,2,0
BRF:5
BRH:2
end_of_record
TN:
SF:src/useWizard.ts
FN:6,(anonymous_0)
FNF:1
FNH:1
FNDA:11,(anonymous_0)
DA:1,2
DA:4,2
DA:6,2
DA:7,11
DA:9,11
DA:10,0
DA:12,11
DA:16,2
LF:8
LH:7
BRDA:9,0,0,0
BRDA:9,0,1,11
BRDA:9,1,0,11
BRDA:9,1,1,0
BRF:4
BRH:2
end_of_record
TN:
SF:src/wizard.tsx
FN:8,(anonymous_0)
FN:13,(anonymous_1)
FN:19,(anonymous_2)
FN:25,(anonymous_3)
FN:28,(anonymous_4)
FN:32,(anonymous_5)
FN:34,(anonymous_6)
FN:39,(anonymous_7)
FN:43,(anonymous_8)
FN:43,(anonymous_9)
FN:61,(anonymous_11)
FN:73,(anonymous_12)
FNF:12
FNH:8
FNDA:17,(anonymous_0)
FNDA:0,(anonymous_1)
FNDA:7,(anonymous_2)
FNDA:0,(anonymous_3)
FNDA:0,(anonymous_4)
FNDA:2,(anonymous_5)
FNDA:0,(anonymous_6)
FNDA:2,(anonymous_7)
FNDA:7,(anonymous_8)
FNDA:7,(anonymous_9)
FNDA:17,(anonymous_11)
FNDA:17,(anonymous_12)
DA:1,2
DA:3,2
DA:5,2
DA:7,2
DA:8,17
DA:9,17
DA:10,17
DA:11,17
DA:12,17
DA:13,17
DA:15,17
DA:17,17
DA:19,17
DA:20,7
DA:21,2
DA:22,0
DA:24,5
DA:25,0
DA:27,7
DA:28,0
DA:32,17
DA:33,2
DA:34,0
DA:39,17
DA:40,2
DA:43,17
DA:44,14
DA:46,0
DA:47,0
DA:48,0
DA:49,0
DA:50,0
DA:52,0
DA:53,0
DA:56,7
DA:60,17
DA:61,17
DA:73,17
DA:74,17
DA:76,17
DA:78,17
DA:79,0
DA:85,17
DA:86,1
DA:87,1
DA:90,17
DA:91,0
DA:94,17
DA:95,0
DA:99,17
DA:102,17
DA:114,2
LF:52
LH:38
BRDA:8,0,0,15
BRDA:8,0,1,2
BRDA:20,1,0,2
BRDA:20,1,1,5
BRDA:21,2,0,0
BRDA:21,2,1,2
BRDA:24,3,0,0
BRDA:24,3,1,5
BRDA:27,4,0,0
BRDA:27,4,1,7
BRDA:28,5,0,0
BRDA:28,5,1,0
BRDA:28,6,0,0
BRDA:28,6,1,0
BRDA:33,7,0,0
BRDA:33,7,1,2
BRDA:34,8,0,0
BRDA:34,8,1,0
BRDA:34,9,0,0
BRDA:34,9,1,0
BRDA:44,10,0,7
BRDA:44,10,1,0
BRDA:44,11,0,7
BRDA:44,11,1,0
BRDA:76,12,0,17
BRDA:76,12,1,0
BRDA:78,13,0,0
BRDA:78,13,1,17
BRDA:85,14,0,1
BRDA:85,14,1,16
BRDA:90,15,0,0
BRDA:90,15,1,17
BRDA:90,16,0,17
BRDA:90,16,1,2
BRDA:94,17,0,0
BRDA:94,17,1,17
BRDA:94,18,0,17
BRDA:94,18,1,0
BRF:38
BRH:19
end_of_record
TN:
SF:src/wizardContext.ts
FNF:0
FNH:0
DA:1,2
DA:5,2
DA:6,2
DA:8,2
LF:4
LH:4
BRF:0
BRH:0
end_of_record
